This is XeTeX, Version 3.14159265-2.6-0.99998 (TeX Live 2017) (preloaded format=xelatex 2017.5.23)  20 FEB 2019 02:51
entering extended mode
 \write18 enabled.
 %&-line parsing enabled.
**resume/skills.tex
(./resume/skills.tex
LaTeX2e <2017-04-15>
Babel <3.10> and hyphenation patterns for 84 language(s) loaded.
! Undefined control sequence.
l.1 \cvsection
              {Skills}
? 
! Emergency stop.
l.1 \cvsection
              {Skills}
End of file on the terminal!

 
Here is how much of TeX's memory you used:
 5 strings out of 493005
 59 string characters out of 6134596
 61634 words of memory out of 5000000
 4077 multiletter control sequences out of 15000+600000
 3640 words of font info for 14 fonts, out of 8000000 for 9000
 1348 hyphenation exceptions out of 8191
 5i,0n,1p,38b,8s stack positions out of 5000i,500n,10000p,200000b,80000s
No pages of output.
